f:\onedrive\studia\ja [proj]\mój projekt\dll_cpp\dll_cpp\dll_cpp\x64\debug\dll_cpp.pch
f:\onedrive\studia\ja [proj]\mój projekt\dll_cpp\dll_cpp\dll_cpp\x64\debug\vc140.pdb
f:\onedrive\studia\ja [proj]\mój projekt\dll_cpp\dll_cpp\dll_cpp\x64\debug\vc140.idb
f:\onedrive\studia\ja [proj]\mój projekt\dll_cpp\dll_cpp\dll_cpp\x64\debug\stdafx.obj
f:\onedrive\studia\ja [proj]\mój projekt\dll_cpp\dll_cpp\dll_cpp\x64\debug\dllmain.obj
f:\onedrive\studia\ja [proj]\mój projekt\dll_cpp\dll_cpp\dll_cpp\x64\debug\dll_cpp.obj
f:\onedrive\studia\ja [proj]\mój projekt\dll_cpp\dll_cpp\x64\debug\dll_cpp.lib
f:\onedrive\studia\ja [proj]\mój projekt\dll_cpp\dll_cpp\x64\debug\dll_cpp.exp
f:\onedrive\studia\ja [proj]\mój projekt\url application\x64\debug\dll_cpp.lib
f:\onedrive\studia\ja [proj]\mój projekt\url application\x64\debug\dll_cpp.exp
f:\onedrive\studia\ja [proj]\mój projekt\url application\url application\bin\x64\debug\dll_cpp.lib
f:\onedrive\studia\ja [proj]\mój projekt\url application\url application\bin\x64\debug\dll_cpp.exp
f:\onedrive\studia\ja [proj]\mój projekt\url application\url application\bin\x64\debug\dll_cpp.ilk
f:\onedrive\studia\ja [proj]\mój projekt\url application\url application\bin\x64\debug\dll_cpp.dll
f:\onedrive\studia\ja [proj]\mój projekt\url application\url application\bin\x64\debug\dll_cpp.pdb
f:\onedrive\studia\ja [proj]\mój projekt\dll_cpp\dll_cpp\dll_cpp\x64\debug\dll_cpp.tlog\cl.command.1.tlog
f:\onedrive\studia\ja [proj]\mój projekt\dll_cpp\dll_cpp\dll_cpp\x64\debug\dll_cpp.tlog\cl.read.1.tlog
f:\onedrive\studia\ja [proj]\mój projekt\dll_cpp\dll_cpp\dll_cpp\x64\debug\dll_cpp.tlog\cl.write.1.tlog
f:\onedrive\studia\ja [proj]\mój projekt\dll_cpp\dll_cpp\dll_cpp\x64\debug\dll_cpp.tlog\dll_cpp.write.1u.tlog
f:\onedrive\studia\ja [proj]\mój projekt\dll_cpp\dll_cpp\dll_cpp\x64\debug\dll_cpp.tlog\link.command.1.tlog
f:\onedrive\studia\ja [proj]\mój projekt\dll_cpp\dll_cpp\dll_cpp\x64\debug\dll_cpp.tlog\link.read.1.tlog
f:\onedrive\studia\ja [proj]\mój projekt\dll_cpp\dll_cpp\dll_cpp\x64\debug\dll_cpp.tlog\link.write.1.tlog
